-- Found external ninja('1.12.1').
-- Configuring arm64-osx-rel
-- The C compiler identification is AppleClang 16.0.0.16000026
-- Detecting C compiler ABI info
-- Detecting C compiler ABI info - done
-- Check for working C compiler: /Library/Developer/CommandLineTools/usr/bin/cc - skipped
-- Detecting C compile features
-- Detecting C compile features - done
-- The CXX compiler identification is AppleClang 16.0.0.16000026
-- Detecting CXX compiler ABI info
-- Detecting CXX compiler ABI info - done
-- Check for working CXX compiler: /Library/Developer/CommandLineTools/usr/bin/c++ - skipped
-- Detecting CXX compile features
-- Detecting CXX compile features - done
-- Configuring done (0.6s)
-- Generating done (0.0s)
-- Build files have been written to: /Users/noahcoe/projects/dj app/vcpkg/buildtrees/detect_compiler/arm64-osx-rel

#COMPILER_HASH#302d8024fefcd57b7e626c4536b74ded84890871
#COMPILER_C_HASH#cc16b34a01e30ff98ab64e63ae5f7a8499f9383b
#COMPILER_C_VERSION#16.0.0.16000026
#COMPILER_C_ID#AppleClang
#COMPILER_C_PATH#/Library/Developer/CommandLineTools/usr/bin/cc
#COMPILER_CXX_HASH#cc16b34a01e30ff98ab64e63ae5f7a8499f9383b
#COMPILER_CXX_VERSION#16.0.0.16000026
#COMPILER_CXX_ID#AppleClang
#COMPILER_CXX_PATH#/Library/Developer/CommandLineTools/usr/bin/c++
CMake Warning:
  Manually-specified variables were not used by the project:

    BUILD_SHARED_LIBS
    CMAKE_INSTALL_BINDIR
    CMAKE_INSTALL_LIBDIR
    VCPKG_PLATFORM_TOOLSET
    VCPKG_SET_CHARSET_FLAG
    _VCPKG_ROOT_DIR



